#
# There is insufficient memory for the Java Runtime Environment to continue.
# Native memory allocation (mmap) failed to map 268435456 bytes for G1 virtual space
# Possible reasons:
#   The system is out of physical RAM or swap space
#   The process is running with CompressedOops enabled, and the Java Heap may be blocking the growth of the native heap
# Possible solutions:
#   Reduce memory load on the system
#   Increase physical memory or swap space
#   Check if swap backing store is full
#   Decrease Java heap size (-Xmx/-Xms)
#   Decrease number of Java threads
#   Decrease Java thread stack sizes (-Xss)
#   Set larger code cache with -XX:ReservedCodeCacheSize=
#   JVM is running with Zero Based Compressed Oops mode in which the Java heap is
#     placed in the first 32GB address space. The Java Heap base address is the
#     maximum limit for the native heap growth. Please use -XX:HeapBaseMinAddress
#     to set the Java Heap base and to place the Java Heap above 32GB virtual address.
# This output file may be truncated or incomplete.
#
#  Out of Memory Error (./open/src/hotspot/os/windows/os_windows.cpp:3472), pid=51464, tid=57660
#
# JRE version:  (15.0.1+9) (build )
# Java VM: Java HotSpot(TM) 64-Bit Server VM (15.0.1+9-18, mixed mode, sharing, tiered, compressed oops, g1 gc, windows-amd64)
# No core dump will be written. Minidumps are not enabled by default on client versions of Windows
#

---------------  S U M M A R Y ------------

Command Line: -Dfile.encoding=UTF-8 -XX:+ShowCodeDetailsInExceptionMessages com.projeto_es.WindowGUI

Host: Intel(R) Core(TM) i7-4790K CPU @ 4.00GHz, 8 cores, 15G,  Windows 10 , 64 bit Build 19041 (10.0.19041.546)
Time: Wed Nov 18 05:03:03 2020 Hora padrão de GMT elapsed time: 0.009818 seconds (0d 0h 0m 0s)

---------------  T H R E A D  ---------------

Current thread (0x000001a80d0be9e0):  JavaThread "Unknown thread" [_thread_in_vm, id=57660, stack(0x000000861c300000,0x000000861c400000)]

Stack: [0x000000861c300000,0x000000861c400000]
Native frames: (J=compiled Java code, j=interpreted, Vv=VM code, C=native code)
V  [jvm.dll+0x62ae9a]
V  [jvm.dll+0x781389]
V  [jvm.dll+0x782ae3]
V  [jvm.dll+0x783143]
V  [jvm.dll+0x216265]
V  [jvm.dll+0x6281d9]
V  [jvm.dll+0x61cd15]
V  [jvm.dll+0x2d01fd]
V  [jvm.dll+0x2d0062]
V  [jvm.dll+0x2d603c]
V  [jvm.dll+0x325b2a]
V  [jvm.dll+0x3251f4]
V  [jvm.dll+0x2a717a]
V  [jvm.dll+0x2a8318]
V  [jvm.dll+0x75e101]
V  [jvm.dll+0x3343e4]
V  [jvm.dll+0x73e826]
V  [jvm.dll+0x3b7777]
V  [jvm.dll+0x3b9201]
C  [jli.dll+0x52fb]
C  [ucrtbase.dll+0x214c2]
C  [KERNEL32.DLL+0x17034]
C  [ntdll.dll+0x4cec1]


---------------  P R O C E S S  ---------------

Threads class SMR info:
_java_thread_list=0x00007ff94fc04ff0, length=0, elements={
}

Java Threads: ( => current thread )

Other Threads:
  0x000001a80d112890 GCTaskThread "GC Thread#0" [stack: 0x000000861c400000,0x000000861c500000] [id=55492]
  0x000001a80d124fb0 ConcurrentGCThread "G1 Main Marker" [stack: 0x000000861c500000,0x000000861c600000] [id=50796]
  0x000001a80d125ab0 ConcurrentGCThread "G1 Conc#0" [stack: 0x000000861c600000,0x000000861c700000] [id=28420]

[error occurred during error reporting (printing all threads), id 0xc0000005, EXCEPTION_ACCESS_VIOLATION (0xc0000005) at pc=0x00007ff94f3f8047]

VM state: not at safepoint (not fully initialized)

VM Mutex/Monitor currently owned by a thread:  ([mutex/lock_event])
[0x000001a80d0ba8a0] Heap_lock - owner thread: 0x000001a80d0be9e0

Heap address: 0x0000000700e00000, size: 4082 MB, Compressed Oops mode: Zero based, Oop shift amount: 3
CDS archive(s) mapped at: [0x0000000000000000-0x0000000000000000-0x0000000000000000), size 0, SharedBaseAddress: 0x0000000800000000, ArchiveRelocationMode: 0.
Narrow klass base: 0x0000000000000000, Narrow klass shift: 0, Narrow klass range: 0x0

Heap:
 garbage-first heap   total 262144K, used 0K [0x0000000700e00000, 0x0000000800000000)
  region size 2048K, 0 young (0K), 0 survivors (0K)
 Metaspace       used 0K, capacity 0K, committed 0K, reserved 0K
  class space    used 0K, capacity 0K, committed 0K, reserved 0K

Heap Regions: E=young(eden), S=young(survivor), O=old, HS=humongous(starts), HC=humongous(continues), CS=collection set, F=free, OA=open archive, CA=closed archive, TAMS=top-at-mark-start (previous, next)

Card table byte_map: [0x000001a824e30000,0x000001a825630000] _byte_map_base: 0x000001a821629000

Marking Bits (Prev, Next): (CMBitMap*) 0x000001a80d113fa0, (CMBitMap*) 0x000001a80d113fe0
 Prev Bits: [0x000001a825e30000, 0x000001a829df8000)
 Next Bits: [0x000001a829e00000, 0x000001a82ddc8000)

GC Heap History (0 events):
No events

Deoptimization events (0 events):
No events

Classes unloaded (0 events):
No events

Classes redefined (0 events):
No events

Internal exceptions (0 events):
No events

Events (1 events):
Event: 0.007 Loaded shared library C:\Program Files\Java\jdk-15.0.1\bin\java.dll


Dynamic libraries:
0x00007ff65dd60000 - 0x00007ff65dd6f000 	C:\Program Files\Java\jdk-15.0.1\bin\javaw.exe
0x00007ff9ac550000 - 0x00007ff9ac746000 	C:\WINDOWS\SYSTEM32\ntdll.dll
0x00007ff9abce0000 - 0x00007ff9abd9d000 	C:\WINDOWS\System32\KERNEL32.DLL
0x00007ff9a9c90000 - 0x00007ff9a9f58000 	C:\WINDOWS\System32\KERNELBASE.dll
0x00007ff9aa170000 - 0x00007ff9aa270000 	C:\WINDOWS\System32\ucrtbase.dll
0x00007ff994050000 - 0x00007ff994068000 	C:\Program Files\Java\jdk-15.0.1\bin\jli.dll
0x00007ff991c60000 - 0x00007ff991c79000 	C:\Program Files\Java\jdk-15.0.1\bin\VCRUNTIME140.dll
0x00007ff9ac3a0000 - 0x00007ff9ac44c000 	C:\WINDOWS\System32\ADVAPI32.dll
0x00007ff9aba40000 - 0x00007ff9abade000 	C:\WINDOWS\System32\msvcrt.dll
0x00007ff9aace0000 - 0x00007ff9aad7b000 	C:\WINDOWS\System32\sechost.dll
0x00007ff9abed0000 - 0x00007ff9abff4000 	C:\WINDOWS\System32\RPCRT4.dll
0x00007ff9aa9c0000 - 0x00007ff9aab60000 	C:\WINDOWS\System32\USER32.dll
0x00007ff99ed80000 - 0x00007ff99f01b000 	C:\WINDOWS\WinSxS\amd64_microsoft.windows.common-controls_6595b64144ccf1df_6.0.19041.488_none_ca04af081b815d21\COMCTL32.dll
0x00007ff9aa420000 - 0x00007ff9aa442000 	C:\WINDOWS\System32\win32u.dll
0x00007ff9aaca0000 - 0x00007ff9aacca000 	C:\WINDOWS\System32\GDI32.dll
0x00007ff9a9f60000 - 0x00007ff9aa069000 	C:\WINDOWS\System32\gdi32full.dll
0x00007ff9a3da0000 - 0x00007ff9a3daa000 	C:\WINDOWS\SYSTEM32\VERSION.dll
0x00007ff9aa070000 - 0x00007ff9aa10d000 	C:\WINDOWS\System32\msvcp_win.dll
0x00007ff9ac370000 - 0x00007ff9ac3a0000 	C:\WINDOWS\System32\IMM32.DLL
0x00007ff9a2d60000 - 0x00007ff9a2d6c000 	C:\Program Files\Java\jdk-15.0.1\bin\vcruntime140_1.dll
0x00007ff986ca0000 - 0x00007ff986d31000 	C:\Program Files\Java\jdk-15.0.1\bin\msvcp140.dll
0x00007ff94f140000 - 0x00007ff94fc9e000 	C:\Program Files\Java\jdk-15.0.1\bin\server\jvm.dll
0x00007ff9ab2e0000 - 0x00007ff9ab2e8000 	C:\WINDOWS\System32\PSAPI.DLL
0x00007ff99cb30000 - 0x00007ff99cb39000 	C:\WINDOWS\SYSTEM32\WSOCK32.dll
0x00007ff9a3950000 - 0x00007ff9a3977000 	C:\WINDOWS\SYSTEM32\WINMM.dll
0x00007ff9ab270000 - 0x00007ff9ab2db000 	C:\WINDOWS\System32\WS2_32.dll
0x00007ff9a8580000 - 0x00007ff9a8592000 	C:\WINDOWS\SYSTEM32\kernel.appcore.dll
0x00007ff999700000 - 0x00007ff99970a000 	C:\Program Files\Java\jdk-15.0.1\bin\jimage.dll
0x00007ff994500000 - 0x00007ff9946e4000 	C:\WINDOWS\SYSTEM32\DBGHELP.DLL
0x00007ff994700000 - 0x00007ff99472c000 	C:\WINDOWS\SYSTEM32\dbgcore.DLL
0x00007ff9aa450000 - 0x00007ff9aa4cf000 	C:\WINDOWS\System32\bcryptPrimitives.dll
0x00007ff991ac0000 - 0x00007ff991ae5000 	C:\Program Files\Java\jdk-15.0.1\bin\java.dll

dbghelp: loaded successfully - version: 4.0.5 - missing functions: none
symbol engine: initialized successfully - sym options: 0x614 - pdb path: .;C:\Program Files\Java\jdk-15.0.1\bin;C:\WINDOWS\SYSTEM32;C:\WINDOWS\WinSxS\amd64_microsoft.windows.common-controls_6595b64144ccf1df_6.0.19041.488_none_ca04af081b815d21;C:\Program Files\Java\jdk-15.0.1\bin\server

VM Arguments:
jvm_args: -Dfile.encoding=UTF-8 -XX:+ShowCodeDetailsInExceptionMessages 
java_command: com.projeto_es.WindowGUI
java_class_path (initial): C:\circuits\git\repository\com.projeto_es\target\classes;C:\circuits\git\repository\com.projeto_es\jgoodies-forms-1.8.0.jar;C:\Users\Ciguel\.m2\repository\org\apache\poi\poi\4.1.2\poi-4.1.2.jar;C:\Users\Ciguel\.m2\repository\commons-codec\commons-codec\1.13\commons-codec-1.13.jar;C:\Users\Ciguel\.m2\repository\org\apache\commons\commons-collections4\4.4\commons-collections4-4.4.jar;C:\Users\Ciguel\.m2\repository\org\apache\commons\commons-math3\3.6.1\commons-math3-3.6.1.jar;C:\Users\Ciguel\.m2\repository\com\zaxxer\SparseBitSet\1.2\SparseBitSet-1.2.jar;C:\Users\Ciguel\.m2\repository\org\apache\poi\poi-ooxml\4.1.2\poi-ooxml-4.1.2.jar;C:\Users\Ciguel\.m2\repository\org\apache\poi\poi-ooxml-schemas\4.1.2\poi-ooxml-schemas-4.1.2.jar;C:\Users\Ciguel\.m2\repository\org\apache\xmlbeans\xmlbeans\3.1.0\xmlbeans-3.1.0.jar;C:\Users\Ciguel\.m2\repository\org\apache\commons\commons-compress\1.19\commons-compress-1.19.jar;C:\Users\Ciguel\.m2\repository\com\github\virtuald\curvesapi\1.06\curvesapi-1.06.jar
Launcher Type: SUN_STANDARD

[Global flags]
     intx CICompilerCount                          = 4                                         {product} {ergonomic}
     uint ConcGCThreads                            = 2                                         {product} {ergonomic}
     uint G1ConcRefinementThreads                  = 8                                         {product} {ergonomic}
   size_t G1HeapRegionSize                         = 2097152                                   {product} {ergonomic}
    uintx GCDrainStackTargetSize                   = 64                                        {product} {ergonomic}
   size_t InitialHeapSize                          = 268435456                                 {product} {ergonomic}
   size_t MarkStackSize                            = 4194304                                   {product} {ergonomic}
   size_t MaxHeapSize                              = 4280287232                                {product} {ergonomic}
   size_t MinHeapDeltaBytes                        = 2097152                                   {product} {ergonomic}
   size_t MinHeapSize                              = 8388608                                   {product} {ergonomic}
    uintx NonNMethodCodeHeapSize                   = 5839372                                {pd product} {ergonomic}
    uintx NonProfiledCodeHeapSize                  = 122909434                              {pd product} {ergonomic}
    uintx ProfiledCodeHeapSize                     = 122909434                              {pd product} {ergonomic}
    uintx ReservedCodeCacheSize                    = 251658240                              {pd product} {ergonomic}
     bool SegmentedCodeCache                       = true                                      {product} {ergonomic}
     bool ShowCodeDetailsInExceptionMessages       = true                                   {manageable} {command line}
   size_t SoftMaxHeapSize                          = 4280287232                             {manageable} {ergonomic}
     bool UseCompressedClassPointers               = true                                 {lp64_product} {ergonomic}
     bool UseCompressedOops                        = true                                 {lp64_product} {ergonomic}
     bool UseG1GC                                  = true                                      {product} {ergonomic}
     bool UseLargePagesIndividualAllocation        = false                                  {pd product} {ergonomic}

Logging:
Log output configuration:
 #0: stdout all=warning uptime,level,tags
 #1: stderr all=off uptime,level,tags

Environment Variables:
PATH=C:\Program Files\Common Files\Oracle\Java\javapath;C:\Windows\system32;C:\Windows;C:\Windows\System32\Wbem;C:\Windows\System32\WindowsPowerShell\v1.0\;C:\WINDOWS\system32;C:\WINDOWS;C:\WINDOWS\System32\Wbem;C:\WINDOWS\System32\WindowsPowerShell\v1.0\;C:\adb;C:\Program Files (x86)\Skype\Phone\;C:\Program Files (x86)\NVIDIA Corporation\PhysX\Common;C:\Program Files (x86)\GNU\GnuPG\pub;C:\Program Files (x86)\GTK2-Runtime\bin;C:\WINDOWS\System32\OpenSSH\;C:\WINDOWS\system32;C:\WINDOWS;C:\WINDOWS\System32\Wbem;C:\WINDOWS\System32\WindowsPowerShell\v1.0\;C:\WINDOWS\System32\OpenSSH\;D:\Program Files\MATLAB\runtime\win64;D:\Program Files\MATLAB\bin;D:\Program Files\MATLAB\polyspace\bin;C:\Program Files\Git\cmd;C:\Users\Ciguel\Anaconda2;C:\Users\Ciguel\Anaconda2\Scripts;C:\Users\Ciguel\Anaconda2\Library\bin;C:\Users\Ciguel\Anaconda3;C:\Users\Ciguel\Anaconda3\Scripts;C:\Users\Ciguel\Anaconda3\Library\bin;C:\Users\Ciguel\AppData\Local\Microsoft\WindowsApps;
USERNAME=Ciguel
OS=Windows_NT
PROCESSOR_IDENTIFIER=Intel64 Family 6 Model 60 Stepping 3, GenuineIntel



---------------  S Y S T E M  ---------------

OS:
 Windows 10 , 64 bit Build 19041 (10.0.19041.546)
OS uptime: 2 days 8:39 hours

CPU: total 8 (initial active 8) (4 cores per cpu, 2 threads per core) family 6 model 60 stepping 3 microcode 0x27, cmov, cx8, fxsr, mmx, sse, sse2, sse3, ssse3, sse4.1, sse4.2, popcnt, vzeroupper, avx, avx2, aes, clmul, erms, lzcnt, ht, tsc, tscinvbit, bmi1, bmi2, fma, clflush

Memory: 4k page, system-wide physical 16325M (5501M free)
TotalPageFile size 37338M (AvailPageFile size 83M)
current process WorkingSet (physical memory assigned to process): 10M, peak: 10M
current process commit charge ("private bytes"): 60M, peak: 316M

vm_info: Java HotSpot(TM) 64-Bit Server VM (15.0.1+9-18) for windows-amd64 JRE (15.0.1+9-18), built on Sep 15 2020 14:43:54 by "mach5one" with unknown MS VC++:1925

END.
